<?xml version="1.0" encoding="UTF-8"?>
<!-- Generated by org.testng.reporters.JUnitReportReporter -->
<testsuite hostname="EPINGUGW0259" failures="0" tests="2" name="org.tests.ErrorValidationsTest" time="7.329" errors="0" timestamp="2024-07-22T06:57:18 IST" skipped="0">
  <testcase classname="org.tests.ErrorValidationsTest" name="ProductErrorValidation" time="5.277"/>
  <testcase classname="org.tests.ErrorValidationsTest" name="LoginErrorValidation" time="2.052"/>
</testsuite> <!-- org.tests.ErrorValidationsTest -->
