<?xml version="1.0" encoding="UTF-8"?>
<!-- Generated by org.testng.reporters.JUnitReportReporter -->
<testsuite hostname="EPINGUGW0259" failures="0" tests="1" name="cucumber.TestNGTestRunner" time="25.700" errors="0" timestamp="2024-07-22T06:59:45 IST" skipped="0">
  <testcase classname="cucumber.TestNGTestRunner" name="runScenario" time="25.700"/>
</testsuite> <!-- cucumber.TestNGTestRunner -->
